
# Run started 2026-03-14T16:03:16
preset=quick time_windows=False instances=1

## data101.vrp | preset=quick | time_windows=False
vehicles=8 successful_runs=1
summary initial_avg=3726.26 sa_avg=2295.29 tabu_avg=3592.33 sa_time=0.09 tabu_time=10.09
run=1 seed=1000 initial=3726.26 sa=2295.29 sa_time=0.09 tabu=3592.33 tabu_time=10.09

# Run started 2026-03-14T16:05:59
preset=quick time_windows=True instances=1

## data1201.vrp | preset=quick | time_windows=True
vehicles=2 successful_runs=0
status=failed

# Run started 2026-03-14T16:06:26
preset=quick time_windows=True instances=1

## data1201.vrp | preset=quick | time_windows=True
vehicles=5 successful_runs=0
status=failed

# Run started 2026-03-14T16:07:13
preset=quick time_windows=True instances=1

## data1201.vrp | preset=quick | time_windows=True
vehicles=5 successful_runs=1
summary initial_avg=1974.63 sa_avg=1909.98 tabu_avg=1945.36 sa_time=0.74 tabu_time=9.35
run=1 seed=1000 initial=1974.63 sa=1909.98 sa_time=0.74 tabu=1945.36 tabu_time=9.35

# Run started 2026-03-14T16:11:20
preset=quick time_windows=True instances=10

## data101.vrp | preset=quick | time_windows=True
vehicles=21 successful_runs=1
summary initial_avg=2127.09 sa_avg=1906.31 tabu_avg=2078.33 sa_time=3.51 tabu_time=13.47
run=1 seed=1000 initial=2127.09 sa=1906.31 sa_time=3.51 tabu=2078.33 tabu_time=13.47

## data102.vrp | preset=quick | time_windows=True
vehicles=18 successful_runs=1
summary initial_avg=1794.68 sa_avg=1703.70 tabu_avg=1753.13 sa_time=0.93 tabu_time=12.37
run=1 seed=1001 initial=1794.68 sa=1703.70 sa_time=0.93 tabu=1753.13 tabu_time=12.37

## data1101.vrp | preset=quick | time_windows=True
vehicles=18 successful_runs=1
summary initial_avg=2184.86 sa_avg=2073.22 tabu_avg=2105.62 sa_time=1.60 tabu_time=12.29
run=1 seed=1002 initial=2184.86 sa=2073.22 sa_time=1.60 tabu=2105.62 tabu_time=12.29

## data1102.vrp | preset=quick | time_windows=True
vehicles=16 successful_runs=1
summary initial_avg=2035.58 sa_avg=1979.05 tabu_avg=1985.54 sa_time=1.03 tabu_time=11.75
run=1 seed=1003 initial=2035.58 sa=1979.05 sa_time=1.03 tabu=1985.54 tabu_time=11.75

## data111.vrp | preset=quick | time_windows=True
vehicles=14 successful_runs=1
summary initial_avg=1601.37 sa_avg=1601.37 tabu_avg=1576.06 sa_time=0.92 tabu_time=11.25
run=1 seed=1004 initial=1601.37 sa=1601.37 sa_time=0.92 tabu=1576.06 tabu_time=11.25

## data112.vrp | preset=quick | time_windows=True
vehicles=12 successful_runs=1
summary initial_avg=1434.70 sa_avg=1392.79 tabu_avg=1395.91 sa_time=0.73 tabu_time=10.72
run=1 seed=1005 initial=1434.70 sa=1392.79 sa_time=0.73 tabu=1395.91 tabu_time=10.72

## data1201.vrp | preset=quick | time_windows=True
vehicles=5 successful_runs=1
summary initial_avg=1974.63 sa_avg=1973.68 tabu_avg=1945.36 sa_time=0.96 tabu_time=9.38
run=1 seed=1006 initial=1974.63 sa=1973.68 sa_time=0.96 tabu=1945.36 tabu_time=9.38

## data1202.vrp | preset=quick | time_windows=True
vehicles=4 successful_runs=1
summary initial_avg=1948.06 sa_avg=1918.80 tabu_avg=1870.66 sa_time=0.62 tabu_time=9.30
run=1 seed=1007 initial=1948.06 sa=1918.80 sa_time=0.62 tabu=1870.66 tabu_time=9.30

## data201.vrp | preset=quick | time_windows=True
vehicles=5 successful_runs=1
summary initial_avg=1750.26 sa_avg=1748.15 tabu_avg=1713.03 sa_time=0.64 tabu_time=9.32
run=1 seed=1008 initial=1750.26 sa=1748.15 sa_time=0.64 tabu=1713.03 tabu_time=9.32

## data202.vrp | preset=quick | time_windows=True
vehicles=5 successful_runs=1
summary initial_avg=3113.87 sa_avg=2134.61 tabu_avg=2959.75 sa_time=0.33 tabu_time=9.26
run=1 seed=1009 initial=3113.87 sa=2134.61 sa_time=0.33 tabu=2959.75 tabu_time=9.26

# Run started 2026-03-14T16:30:38
preset=quick time_windows=True instances=1

## data1201.vrp | preset=quick | time_windows=True
vehicles=5 successful_runs=1
summary initial_avg=1974.63 sa_avg=1909.98 tabu_avg=1945.36 sa_time=0.74 tabu_time=9.52
run=1 seed=1000 initial=1974.63 sa=1909.98 sa_time=0.74 tabu=1945.36 tabu_time=9.52


# Run started 2026-03-14T16:43:44
preset=quick time_windows=False instances=1

## data101.vrp | preset=quick | time_windows=False
vehicles=8 successful_runs=1
summary initial_avg=3726.26 sa_avg=2295.29 tabu_avg=3592.33 sa_time=0.06 tabu_time=6.08 sa_generated=300.00 tabu_explored=200.00
run=1 seed=1000 initial=3726.26 sa=2295.29 sa_time=0.06 sa_generated=300 tabu=3592.33 tabu_time=6.08 tabu_explored=200

# Run started 2026-03-14T16:44:16
preset=quick time_windows=False instances=1

## data101.vrp | preset=quick | time_windows=False
vehicles=8 successful_runs=1
summary initial_avg=3726.26 sa_avg=2295.29 tabu_avg=3592.33 sa_time=0.06 tabu_time=6.26 sa_generated=300.00 tabu_explored=200.00
run=1 seed=1000 initial=3726.26 sa=2295.29 sa_time=0.06 sa_generated=300 tabu=3592.33 tabu_time=6.26 tabu_explored=200
