
# Run started 2026-05-01T11:34:09
preset=long time_windows=False instances=10

## data101.vrp | preset=long | time_windows=False
vehicles=8 successful_runs=5
summary initial_avg=3655.35 sa_avg=1305.33 sa_time=2.55 sa_generated=3000.00 tabu_avg=1367.68 tabu_time=10.45 tabu_explored=12000.00
run=1 seed=1000 initial=3726.26 sa=1327.00 sa_time=2.54 sa_generated=3000 tabu=1402.87 tabu_time=10.77 tabu_explored=12000
run=2 seed=1001 initial=3713.42 sa=1328.85 sa_time=2.26 sa_generated=3000 tabu=1362.58 tabu_time=9.13 tabu_explored=12000
run=3 seed=1002 initial=3507.51 sa=1248.02 sa_time=2.63 sa_generated=3000 tabu=1284.23 tabu_time=10.68 tabu_explored=12000
run=4 seed=1003 initial=3711.89 sa=1308.62 sa_time=2.64 sa_generated=3000 tabu=1335.05 tabu_time=10.97 tabu_explored=12000
run=5 seed=1004 initial=3617.66 sa=1314.17 sa_time=2.68 sa_generated=3000 tabu=1453.67 tabu_time=10.69 tabu_explored=12000

## data102.vrp | preset=long | time_windows=False
vehicles=8 successful_runs=5
summary initial_avg=3537.80 sa_avg=1293.09 sa_time=2.58 sa_generated=3000.00 tabu_avg=1365.31 tabu_time=11.09 tabu_explored=12000.00
run=1 seed=1005 initial=3612.23 sa=1394.14 sa_time=2.86 sa_generated=3000 tabu=1361.27 tabu_time=11.13 tabu_explored=12000
run=2 seed=1006 initial=3608.18 sa=1206.35 sa_time=3.06 sa_generated=3000 tabu=1399.66 tabu_time=12.46 tabu_explored=12000
run=3 seed=1007 initial=3508.19 sa=1307.64 sa_time=2.69 sa_generated=3000 tabu=1420.75 tabu_time=14.73 tabu_explored=12000
run=4 seed=1008 initial=3379.68 sa=1222.71 sa_time=2.19 sa_generated=3000 tabu=1318.59 tabu_time=8.49 tabu_explored=12000
run=5 seed=1009 initial=3580.71 sa=1334.62 sa_time=2.09 sa_generated=3000 tabu=1326.30 tabu_time=8.65 tabu_explored=12000

## data1101.vrp | preset=long | time_windows=False
vehicles=9 successful_runs=5
summary initial_avg=4718.00 sa_avg=1698.95 sa_time=4.01 sa_generated=3000.00 tabu_avg=1747.80 tabu_time=16.24 tabu_explored=12000.00
run=1 seed=1010 initial=4917.72 sa=1735.57 sa_time=3.93 sa_generated=3000 tabu=1754.53 tabu_time=14.88 tabu_explored=12000
run=2 seed=1011 initial=4859.76 sa=1622.81 sa_time=3.82 sa_generated=3000 tabu=1801.27 tabu_time=16.54 tabu_explored=12000
run=3 seed=1012 initial=4532.21 sa=1600.49 sa_time=4.28 sa_generated=3000 tabu=1699.95 tabu_time=16.56 tabu_explored=12000
run=4 seed=1013 initial=4670.12 sa=1871.66 sa_time=4.06 sa_generated=3000 tabu=1795.76 tabu_time=16.98 tabu_explored=12000
run=5 seed=1014 initial=4610.22 sa=1664.22 sa_time=3.96 sa_generated=3000 tabu=1687.49 tabu_time=16.26 tabu_explored=12000

## data1102.vrp | preset=long | time_windows=False
vehicles=9 successful_runs=5
summary initial_avg=4675.37 sa_avg=1630.59 sa_time=3.90 sa_generated=3000.00 tabu_avg=1723.34 tabu_time=16.35 tabu_explored=12000.00
run=1 seed=1015 initial=4746.94 sa=1709.27 sa_time=4.04 sa_generated=3000 tabu=1813.95 tabu_time=16.80 tabu_explored=12000
run=2 seed=1016 initial=4690.73 sa=1641.95 sa_time=4.06 sa_generated=3000 tabu=1695.95 tabu_time=16.02 tabu_explored=12000
run=3 seed=1017 initial=4425.08 sa=1563.54 sa_time=3.81 sa_generated=3000 tabu=1595.60 tabu_time=16.15 tabu_explored=12000
run=4 seed=1018 initial=4498.26 sa=1690.91 sa_time=3.77 sa_generated=3000 tabu=1792.36 tabu_time=16.65 tabu_explored=12000
run=5 seed=1019 initial=5015.85 sa=1547.30 sa_time=3.83 sa_generated=3000 tabu=1718.82 tabu_time=16.15 tabu_explored=12000

## data111.vrp | preset=long | time_windows=False
vehicles=8 successful_runs=5
summary initial_avg=3519.79 sa_avg=1303.22 sa_time=2.23 sa_generated=3000.00 tabu_avg=1350.86 tabu_time=8.94 tabu_explored=12000.00
run=1 seed=1020 initial=3518.14 sa=1332.79 sa_time=2.37 sa_generated=3000 tabu=1399.68 tabu_time=9.04 tabu_explored=12000
run=2 seed=1021 initial=3419.88 sa=1218.45 sa_time=2.19 sa_generated=3000 tabu=1349.80 tabu_time=8.98 tabu_explored=12000
run=3 seed=1022 initial=3498.74 sa=1307.05 sa_time=2.06 sa_generated=3000 tabu=1317.95 tabu_time=9.14 tabu_explored=12000
run=4 seed=1023 initial=3605.63 sa=1341.12 sa_time=2.27 sa_generated=3000 tabu=1339.41 tabu_time=8.62 tabu_explored=12000
run=5 seed=1024 initial=3556.58 sa=1316.69 sa_time=2.23 sa_generated=3000 tabu=1347.45 tabu_time=8.93 tabu_explored=12000

## data112.vrp | preset=long | time_windows=False
vehicles=8 successful_runs=5
summary initial_avg=3542.86 sa_avg=1278.01 sa_time=2.23 sa_generated=3000.00 tabu_avg=1358.68 tabu_time=9.05 tabu_explored=12000.00
run=1 seed=1025 initial=3409.24 sa=1260.24 sa_time=2.41 sa_generated=3000 tabu=1344.89 tabu_time=9.17 tabu_explored=12000
run=2 seed=1026 initial=3492.27 sa=1249.34 sa_time=2.19 sa_generated=3000 tabu=1411.55 tabu_time=9.12 tabu_explored=12000
run=3 seed=1027 initial=3537.66 sa=1311.46 sa_time=2.17 sa_generated=3000 tabu=1348.37 tabu_time=8.96 tabu_explored=12000
run=4 seed=1028 initial=3540.54 sa=1290.10 sa_time=2.26 sa_generated=3000 tabu=1347.26 tabu_time=8.68 tabu_explored=12000
run=5 seed=1029 initial=3734.60 sa=1278.89 sa_time=2.12 sa_generated=3000 tabu=1341.34 tabu_time=9.32 tabu_explored=12000

## data1201.vrp | preset=long | time_windows=False
vehicles=2 successful_runs=5
summary initial_avg=4613.08 sa_avg=1348.31 sa_time=1.34 sa_generated=3000.00 tabu_avg=1327.67 tabu_time=5.27 tabu_explored=12000.00
run=1 seed=1030 initial=4813.11 sa=1252.43 sa_time=1.37 sa_generated=3000 tabu=1323.46 tabu_time=5.20 tabu_explored=12000
run=2 seed=1031 initial=4592.24 sa=1370.32 sa_time=1.44 sa_generated=3000 tabu=1340.20 tabu_time=5.61 tabu_explored=12000
run=3 seed=1032 initial=4699.85 sa=1454.29 sa_time=1.26 sa_generated=3000 tabu=1425.70 tabu_time=5.14 tabu_explored=12000
run=4 seed=1033 initial=4568.87 sa=1290.88 sa_time=1.26 sa_generated=3000 tabu=1258.63 tabu_time=5.26 tabu_explored=12000
run=5 seed=1034 initial=4391.34 sa=1373.61 sa_time=1.38 sa_generated=3000 tabu=1290.34 tabu_time=5.17 tabu_explored=12000

## data1202.vrp | preset=long | time_windows=False
vehicles=2 successful_runs=5
summary initial_avg=4366.31 sa_avg=1310.44 sa_time=1.31 sa_generated=3000.00 tabu_avg=1343.73 tabu_time=5.51 tabu_explored=12000.00
run=1 seed=1035 initial=4139.07 sa=1402.91 sa_time=1.35 sa_generated=3000 tabu=1295.14 tabu_time=5.27 tabu_explored=12000
run=2 seed=1036 initial=4487.70 sa=1292.28 sa_time=1.25 sa_generated=3000 tabu=1328.32 tabu_time=5.65 tabu_explored=12000
run=3 seed=1037 initial=4176.01 sa=1311.14 sa_time=1.38 sa_generated=3000 tabu=1366.85 tabu_time=5.32 tabu_explored=12000
run=4 seed=1038 initial=4595.88 sa=1238.29 sa_time=1.29 sa_generated=3000 tabu=1383.64 tabu_time=5.33 tabu_explored=12000
run=5 seed=1039 initial=4432.87 sa=1307.55 sa_time=1.30 sa_generated=3000 tabu=1344.69 tabu_time=6.00 tabu_explored=12000

## data201.vrp | preset=long | time_windows=False
vehicles=2 successful_runs=5
summary initial_avg=3580.75 sa_avg=1136.44 sa_time=1.04 sa_generated=3000.00 tabu_avg=1177.15 tabu_time=4.51 tabu_explored=12000.00
run=1 seed=1040 initial=3650.50 sa=1139.85 sa_time=1.08 sa_generated=3000 tabu=1199.78 tabu_time=4.70 tabu_explored=12000
run=2 seed=1041 initial=3451.80 sa=1114.75 sa_time=1.03 sa_generated=3000 tabu=1164.14 tabu_time=4.51 tabu_explored=12000
run=3 seed=1042 initial=3532.34 sa=1162.54 sa_time=1.30 sa_generated=3000 tabu=1132.65 tabu_time=4.69 tabu_explored=12000
run=4 seed=1043 initial=3653.44 sa=1099.37 sa_time=0.89 sa_generated=3000 tabu=1230.81 tabu_time=4.30 tabu_explored=12000
run=5 seed=1044 initial=3615.68 sa=1165.70 sa_time=0.92 sa_generated=3000 tabu=1158.36 tabu_time=4.36 tabu_explored=12000

## data202.vrp | preset=long | time_windows=False
vehicles=2 successful_runs=5
summary initial_avg=3379.91 sa_avg=1116.25 sa_time=1.22 sa_generated=3000.00 tabu_avg=1149.75 tabu_time=4.72 tabu_explored=12000.00
run=1 seed=1045 initial=3482.90 sa=1102.24 sa_time=1.27 sa_generated=3000 tabu=1152.36 tabu_time=4.05 tabu_explored=12000
run=2 seed=1046 initial=3051.82 sa=1134.07 sa_time=1.06 sa_generated=3000 tabu=1111.48 tabu_time=3.98 tabu_explored=12000
run=3 seed=1047 initial=3287.90 sa=1092.43 sa_time=1.08 sa_generated=3000 tabu=1181.66 tabu_time=4.53 tabu_explored=12000
run=4 seed=1048 initial=3618.66 sa=1071.96 sa_time=1.33 sa_generated=3000 tabu=1159.76 tabu_time=5.54 tabu_explored=12000
run=5 seed=1049 initial=3458.30 sa=1180.53 sa_time=1.37 sa_generated=3000 tabu=1143.47 tabu_time=5.47 tabu_explored=12000
