
# Run started 2026-03-14T16:36:37
preset=long time_windows=True instances=10

## data101.vrp | preset=long | time_windows=True
vehicles=21 successful_runs=2
summary initial_avg=2127.09 sa_avg=1756.06 tabu_avg=2042.71 sa_time=18.55 tabu_time=26.33
run=1 seed=1000 initial=2127.09 sa=1754.56 sa_time=18.33 tabu=2042.71 tabu_time=26.23
run=2 seed=1001 initial=2127.09 sa=1757.56 sa_time=18.78 tabu=2042.71 tabu_time=26.44

## data102.vrp | preset=long | time_windows=True
vehicles=18 successful_runs=2
summary initial_avg=1794.68 sa_avg=1683.80 tabu_avg=1695.11 sa_time=4.38 tabu_time=25.26
run=1 seed=1002 initial=1794.68 sa=1670.21 sa_time=4.60 tabu=1695.11 tabu_time=25.35
run=2 seed=1003 initial=1794.68 sa=1697.38 sa_time=4.16 tabu=1695.11 tabu_time=25.17

## data1101.vrp | preset=long | time_windows=True
vehicles=18 successful_runs=2
summary initial_avg=2184.86 sa_avg=1851.01 tabu_avg=2036.87 sa_time=5.46 tabu_time=15.54
run=1 seed=1004 initial=2184.86 sa=1857.98 sa_time=6.62 tabu=2036.87 tabu_time=16.52
run=2 seed=1005 initial=2184.86 sa=1844.03 sa_time=4.30 tabu=2036.87 tabu_time=14.56

## data1102.vrp | preset=long | time_windows=True
vehicles=16 successful_runs=2
summary initial_avg=2035.58 sa_avg=1765.05 tabu_avg=1955.24 sa_time=2.73 tabu_time=13.82
run=1 seed=1006 initial=2035.58 sa=1803.57 sa_time=2.69 tabu=1955.24 tabu_time=13.89
run=2 seed=1007 initial=2035.58 sa=1726.53 sa_time=2.77 tabu=1955.24 tabu_time=13.75

## data111.vrp | preset=long | time_windows=True
vehicles=14 successful_runs=2
summary initial_avg=1601.37 sa_avg=1426.25 tabu_avg=1557.55 sa_time=1.80 tabu_time=13.03
run=1 seed=1008 initial=1601.37 sa=1436.28 sa_time=1.83 tabu=1557.55 tabu_time=12.94
run=2 seed=1009 initial=1601.37 sa=1416.22 sa_time=1.77 tabu=1557.55 tabu_time=13.12

## data112.vrp | preset=long | time_windows=True
vehicles=12 successful_runs=2
summary initial_avg=1434.70 sa_avg=1256.10 tabu_avg=1367.21 sa_time=2.33 tabu_time=12.67
run=1 seed=1010 initial=1434.70 sa=1244.61 sa_time=2.26 tabu=1367.21 tabu_time=12.49
run=2 seed=1011 initial=1434.70 sa=1267.60 sa_time=2.40 tabu=1367.21 tabu_time=12.85

## data1201.vrp | preset=long | time_windows=True
vehicles=5 successful_runs=2
summary initial_avg=1974.63 sa_avg=1833.03 tabu_avg=1864.35 sa_time=1.79 tabu_time=11.14
run=1 seed=1012 initial=1974.63 sa=1858.66 sa_time=1.80 tabu=1864.35 tabu_time=11.47
run=2 seed=1013 initial=1974.63 sa=1807.40 sa_time=1.77 tabu=1864.35 tabu_time=10.80

## data1202.vrp | preset=long | time_windows=True
vehicles=4 successful_runs=2
summary initial_avg=1948.06 sa_avg=1746.99 tabu_avg=1861.51 sa_time=1.52 tabu_time=10.78
run=1 seed=1014 initial=1948.06 sa=1829.56 sa_time=1.38 tabu=1861.51 tabu_time=10.57
run=2 seed=1015 initial=1948.06 sa=1664.41 sa_time=1.65 tabu=1861.51 tabu_time=11.00

## data201.vrp | preset=long | time_windows=True
vehicles=5 successful_runs=2
summary initial_avg=2263.65 sa_avg=1656.57 tabu_avg=2074.35 sa_time=1.47 tabu_time=10.97
run=1 seed=1016 initial=2777.04 sa=1727.44 sa_time=1.46 tabu=2487.80 tabu_time=10.85
run=2 seed=1017 initial=1750.26 sa=1585.70 sa_time=1.49 tabu=1660.90 tabu_time=11.09

## data202.vrp | preset=long | time_windows=True
vehicles=5 successful_runs=2
summary initial_avg=2997.76 sa_avg=1772.69 tabu_avg=2797.17 sa_time=0.78 tabu_time=10.86
run=1 seed=1018 initial=3013.63 sa=1774.89 sa_time=0.83 tabu=2902.20 tabu_time=11.09
run=2 seed=1019 initial=2981.88 sa=1770.49 sa_time=0.74 tabu=2692.14 tabu_time=10.64
