
# Run started 2026-04-30T10:49:16
preset=long time_windows=False instances=1

## data101.vrp | preset=long | time_windows=False
vehicles=8 successful_runs=3
summary initial_avg=3649.06 sa_avg=1488.99 tabu_avg=1776.59 sa_time=0.84 tabu_time=2.00 sa_generated=2500.00 tabu_explored=6000.00
run=1 seed=1000 initial=3726.26 sa=1459.92 sa_time=0.91 sa_generated=2500 tabu=1864.55 tabu_time=1.97 tabu_explored=6000
run=2 seed=1001 initial=3713.42 sa=1438.10 sa_time=0.83 sa_generated=2500 tabu=1697.93 tabu_time=2.05 tabu_explored=6000
run=3 seed=1002 initial=3507.51 sa=1568.94 sa_time=0.78 sa_generated=2500 tabu=1767.28 tabu_time=1.98 tabu_explored=6000

# Run started 2026-04-30T11:57:39
preset=quick time_windows=False instances=1

## data101.vrp | preset=quick | time_windows=False
vehicles=8 successful_runs=1
summary initial_avg=3726.26 sa_avg=2295.29 sa_time=0.07 sa_generated=300.00
run=1 seed=1000 initial=3726.26 sa=2295.29 sa_time=0.07 sa_generated=300

# Run started 2026-04-30T11:57:44
preset=quick time_windows=False instances=1

## data101.vrp | preset=quick | time_windows=False
vehicles=8 successful_runs=1
summary initial_avg=3726.26 tabu_avg=3343.40 tabu_time=0.05 tabu_explored=200.00
run=1 seed=1000 initial=3726.26 tabu=3343.40 tabu_time=0.05 tabu_explored=200

# Run started 2026-04-30T11:57:44
preset=quick time_windows=False instances=1

## data101.vrp | preset=quick | time_windows=False
vehicles=8 successful_runs=1
summary initial_avg=3726.26 sa_avg=2295.29 sa_time=0.07 sa_generated=300.00 tabu_avg=3343.40 tabu_time=0.05 tabu_explored=200.00
run=1 seed=1000 initial=3726.26 sa=2295.29 sa_time=0.07 sa_generated=300 tabu=3343.40 tabu_time=0.05 tabu_explored=200
