\BOOKMARK [1][-]{section.1}{\376\377\000I\000n\000t\000r\000o\000d\000u\000c\000t\000i\000o\000n}{}% 1
\BOOKMARK [1][-]{section.2}{\376\377\000O\000r\000g\000a\000n\000i\000s\000a\000t\000i\000o\000n\000\040\000d\000u\000\040\000p\000r\000o\000j\000e\000t}{}% 2
\BOOKMARK [2][-]{subsection.2.1}{\376\377\000P\000h\000a\000s\000e\000\040\0001\000\040\000:\000\040\000F\000o\000n\000d\000a\000t\000i\000o\000n\000s\000\040\000d\000u\000\040\000p\000r\000o\000j\000e\000t}{section.2}% 3
\BOOKMARK [2][-]{subsection.2.2}{\376\377\000P\000h\000a\000s\000e\000\040\0002\000\040\000:\000\040\000D\000\351\000t\000e\000r\000m\000i\000n\000a\000t\000i\000o\000n\000\040\000d\000u\000\040\000n\000o\000m\000b\000r\000e\000\040\000m\000i\000n\000i\000m\000a\000l\000\040\000d\000e\000\040\000v\000\351\000h\000i\000c\000u\000l\000e\000s}{section.2}% 4
\BOOKMARK [2][-]{subsection.2.3}{\376\377\000P\000h\000a\000s\000e\000\040\0003\000\040\000:\000\040\000G\000\351\000n\000\351\000r\000a\000t\000i\000o\000n\000\040\000d\000e\000\040\000s\000o\000l\000u\000t\000i\000o\000n\000s\000\040\000i\000n\000i\000t\000i\000a\000l\000e\000s}{section.2}% 5
\BOOKMARK [2][-]{subsection.2.4}{\376\377\000P\000h\000a\000s\000e\000\040\0004\000\040\000:\000\040\000P\000r\000e\000m\000i\000\350\000r\000e\000\040\000m\000\351\000t\000a\000h\000e\000u\000r\000i\000s\000t\000i\000q\000u\000e}{section.2}% 6
\BOOKMARK [2][-]{subsection.2.5}{\376\377\000P\000h\000a\000s\000e\000\040\0005\000\040\000:\000\040\000D\000e\000u\000x\000i\000\350\000m\000e\000\040\000m\000\351\000t\000a\000h\000e\000u\000r\000i\000s\000t\000i\000q\000u\000e}{section.2}% 7
\BOOKMARK [2][-]{subsection.2.6}{\376\377\000P\000h\000a\000s\000e\000\040\0006\000\040\000:\000\040\000P\000r\000o\000t\000o\000c\000o\000l\000e\000\040\000e\000x\000p\000\351\000r\000i\000m\000e\000n\000t\000a\000l\000\040\000e\000t\000\040\000c\000o\000m\000p\000a\000r\000a\000i\000s\000o\000n}{section.2}% 8
\BOOKMARK [1][-]{section.3}{\376\377\000M\000o\000d\000\351\000l\000i\000s\000a\000t\000i\000o\000n\000\040\000d\000u\000\040\000p\000r\000o\000b\000l\000\350\000m\000e}{}% 9
\BOOKMARK [2][-]{subsection.3.1}{\376\377\000D\000e\000s\000c\000r\000i\000p\000t\000i\000o\000n\000\040\000g\000\351\000n\000\351\000r\000a\000l\000e}{section.3}% 10
\BOOKMARK [2][-]{subsection.3.2}{\376\377\000E\000n\000s\000e\000m\000b\000l\000e\000s}{section.3}% 11
\BOOKMARK [2][-]{subsection.3.3}{\376\377\000P\000a\000r\000a\000m\000\350\000t\000r\000e\000s}{section.3}% 12
\BOOKMARK [2][-]{subsection.3.4}{\376\377\000V\000a\000r\000i\000a\000b\000l\000e\000s\000\040\000d\000e\000\040\000d\000\351\000c\000i\000s\000i\000o\000n}{section.3}% 13
\BOOKMARK [2][-]{subsection.3.5}{\376\377\000F\000o\000n\000c\000t\000i\000o\000n\000\040\000o\000b\000j\000e\000c\000t\000i\000f}{section.3}% 14
\BOOKMARK [2][-]{subsection.3.6}{\376\377\000C\000o\000n\000t\000r\000a\000i\000n\000t\000e\000s\000\040\000p\000r\000i\000n\000c\000i\000p\000a\000l\000e\000s}{section.3}% 15
\BOOKMARK [3][-]{subsubsection.3.6.1}{\376\377\000V\000i\000s\000i\000t\000e\000\040\000u\000n\000i\000q\000u\000e\000\040\000d\000e\000\040\000c\000h\000a\000q\000u\000e\000\040\000c\000l\000i\000e\000n\000t}{subsection.3.6}% 16
\BOOKMARK [3][-]{subsubsection.3.6.2}{\376\377\000C\000o\000n\000s\000e\000r\000v\000a\000t\000i\000o\000n\000\040\000d\000u\000\040\000f\000l\000o\000t}{subsection.3.6}% 17
\BOOKMARK [3][-]{subsubsection.3.6.3}{\376\377\000C\000a\000p\000a\000c\000i\000t\000\351}{subsection.3.6}% 18
\BOOKMARK [3][-]{subsubsection.3.6.4}{\376\377\000F\000e\000n\000\352\000t\000r\000e\000s\000\040\000d\000e\000\040\000t\000e\000m\000p\000s}{subsection.3.6}% 19
\BOOKMARK [2][-]{subsection.3.7}{\376\377\000R\000e\000m\000a\000r\000q\000u\000e\000\040\000s\000u\000r\000\040\000l\000'\000u\000t\000i\000l\000i\000s\000a\000t\000i\000o\000n\000\040\000d\000'\000O\000R\000-\000T\000o\000o\000l\000s}{section.3}% 20
\BOOKMARK [1][-]{section.4}{\376\377\000S\000t\000r\000u\000c\000t\000u\000r\000e\000\040\000d\000u\000\040\000c\000o\000d\000e}{}% 21
\BOOKMARK [2][-]{subsection.4.1}{\376\377\000\311\000v\000o\000l\000u\000t\000i\000o\000n\000\040\000d\000e\000\040\000l\000'\000a\000r\000c\000h\000i\000t\000e\000c\000t\000u\000r\000e}{section.4}% 22
\BOOKMARK [2][-]{subsection.4.2}{\376\377\000J\000u\000s\000t\000i\000f\000i\000c\000a\000t\000i\000o\000n\000\040\000d\000e\000s\000\040\000c\000h\000o\000i\000x\000\040\000d\000e\000\040\000f\000i\000c\000h\000i\000e\000r\000s}{section.4}% 23
\BOOKMARK [2][-]{subsection.4.3}{\376\377\000P\000o\000u\000r\000q\000u\000o\000i\000\040\000c\000e\000t\000t\000e\000\040\000s\000t\000r\000u\000c\000t\000u\000r\000e\000\040\000n\000o\000u\000s\000\040\000a\000\040\000s\000e\000m\000b\000l\000\351\000\040\000a\000d\000a\000p\000t\000\351\000e}{section.4}% 24
\BOOKMARK [2][-]{subsection.4.4}{\376\377\000L\000i\000e\000n\000\040\000e\000n\000t\000r\000e\000\040\000s\000t\000r\000u\000c\000t\000u\000r\000e\000\040\000l\000o\000g\000i\000c\000i\000e\000l\000l\000e\000\040\000e\000t\000\040\000d\000\351\000m\000a\000r\000c\000h\000e\000\040\000s\000c\000i\000e\000n\000t\000i\000f\000i\000q\000u\000e}{section.4}% 25
\BOOKMARK [2][-]{subsection.4.5}{\376\377\000m\000a\000i\000n\000.\000p\000y}{section.4}% 26
\BOOKMARK [2][-]{subsection.4.6}{\376\377\000m\000o\000d\000e\000l\000.\000p\000y}{section.4}% 27
\BOOKMARK [2][-]{subsection.4.7}{\376\377\000i\000o\000\137\000u\000t\000i\000l\000s\000.\000p\000y}{section.4}% 28
\BOOKMARK [2][-]{subsection.4.8}{\376\377\000e\000v\000a\000l\000u\000a\000t\000e\000.\000p\000y}{section.4}% 29
\BOOKMARK [2][-]{subsection.4.9}{\376\377\000s\000o\000l\000v\000e\000r\000.\000p\000y}{section.4}% 30
\BOOKMARK [2][-]{subsection.4.10}{\376\377\000n\000e\000i\000g\000h\000b\000o\000r\000s\000.\000p\000y}{section.4}% 31
\BOOKMARK [2][-]{subsection.4.11}{\376\377\000m\000e\000t\000a\000/}{section.4}% 32
\BOOKMARK [1][-]{section.5}{\376\377\000D\000\351\000t\000e\000r\000m\000i\000n\000a\000t\000i\000o\000n\000\040\000d\000u\000\040\000n\000o\000m\000b\000r\000e\000\040\000m\000i\000n\000i\000m\000a\000l\000\040\000d\000e\000\040\000v\000\351\000h\000i\000c\000u\000l\000e\000s}{}% 33
\BOOKMARK [2][-]{subsection.5.1}{\376\377\000P\000r\000i\000n\000c\000i\000p\000e\000\040\000g\000\351\000n\000\351\000r\000a\000l}{section.5}% 34
\BOOKMARK [2][-]{subsection.5.2}{\376\377\000B\000o\000r\000n\000e\000\040\000i\000n\000f\000\351\000r\000i\000e\000u\000r\000e\000\040\000t\000h\000\351\000o\000r\000i\000q\000u\000e}{section.5}% 35
\BOOKMARK [2][-]{subsection.5.3}{\376\377\000C\000h\000o\000i\000x\000\040\000m\000\351\000t\000h\000o\000d\000o\000l\000o\000g\000i\000q\000u\000e}{section.5}% 36
\BOOKMARK [2][-]{subsection.5.4}{\376\377\000H\000e\000u\000r\000i\000s\000t\000i\000q\000u\000e\000\040\000u\000t\000i\000l\000i\000s\000\351\000e\000\040\000p\000o\000u\000r\000\040\000t\000e\000s\000t\000e\000r\000\040\000u\000n\000e\000\040\000v\000a\000l\000e\000u\000r\000\040\000d\000e\000\040\000k}{section.5}% 37
\BOOKMARK [2][-]{subsection.5.5}{\376\377\000C\000r\000i\000t\000\350\000r\000e\000\040\000d\000e\000\040\000f\000a\000i\000s\000a\000b\000i\000l\000i\000t\000\351}{section.5}% 38
\BOOKMARK [2][-]{subsection.5.6}{\376\377\000R\000e\000m\000a\000r\000q\000u\000e}{section.5}% 39
\BOOKMARK [2][-]{subsection.5.7}{\376\377\000R\000\351\000s\000u\000l\000t\000a\000t\000s\000\040\000o\000b\000t\000e\000n\000u\000s\000\040\000s\000a\000n\000s\000\040\000f\000e\000n\000\352\000t\000r\000e\000s\000\040\000d\000e\000\040\000t\000e\000m\000p\000s}{section.5}% 40
\BOOKMARK [2][-]{subsection.5.8}{\376\377\000I\000n\000f\000l\000u\000e\000n\000c\000e\000\040\000d\000e\000s\000\040\000f\000e\000n\000\352\000t\000r\000e\000s\000\040\000d\000e\000\040\000t\000e\000m\000p\000s\000\040\000s\000u\000r\000\040\000l\000a\000\040\000b\000o\000r\000n\000e\000\040\000i\000n\000f\000\351\000r\000i\000e\000u\000r\000e}{section.5}% 41
\BOOKMARK [2][-]{subsection.5.9}{\376\377\000P\000r\000e\000m\000i\000\350\000r\000e\000\040\000i\000n\000t\000\351\000g\000r\000a\000t\000i\000o\000n\000\040\000e\000f\000f\000e\000c\000t\000i\000v\000e\000\040\000d\000e\000s\000\040\000f\000e\000n\000\352\000t\000r\000e\000s\000\040\000d\000e\000\040\000t\000e\000m\000p\000s}{section.5}% 42
\BOOKMARK [2][-]{subsection.5.10}{\376\377\000P\000r\000e\000m\000i\000e\000r\000s\000\040\000r\000\351\000s\000u\000l\000t\000a\000t\000s\000\040\000V\000R\000P\000T\000W}{section.5}% 43
\BOOKMARK [2][-]{subsection.5.11}{\376\377\000L\000i\000m\000i\000t\000e\000s\000\040\000o\000b\000s\000e\000r\000v\000\351\000e\000s\000\040\000\340\000\040\000c\000e\000\040\000s\000t\000a\000d\000e}{section.5}% 44
\BOOKMARK [2][-]{subsection.5.12}{\376\377\000P\000r\000e\000m\000i\000\350\000r\000e\000\040\000e\000x\000t\000e\000n\000s\000i\000o\000n\000\040\000d\000e\000s\000\040\000m\000\351\000t\000a\000h\000e\000u\000r\000i\000s\000t\000i\000q\000u\000e\000s\000\040\000a\000u\000\040\000c\000a\000s\000\040\000V\000R\000P\000T\000W}{section.5}% 45
\BOOKMARK [2][-]{subsection.5.13}{\376\377\000P\000r\000e\000m\000i\000e\000r\000\040\000e\000s\000s\000a\000i\000\040\000e\000x\000p\000\351\000r\000i\000m\000e\000n\000t\000a\000l\000\040\000V\000R\000P\000T\000W}{section.5}% 46
\BOOKMARK [2][-]{subsection.5.14}{\376\377\000C\000a\000m\000p\000a\000g\000n\000e\000\040\000V\000R\000P\000T\000W\000\040\000e\000n\000\040\000m\000o\000d\000e\000\040\000r\000a\000p\000i\000d\000e}{section.5}% 47
\BOOKMARK [2][-]{subsection.5.15}{\376\377\000A\000n\000a\000l\000y\000s\000e\000\040\000d\000e\000\040\000c\000e\000t\000t\000e\000\040\000p\000r\000e\000m\000i\000\350\000r\000e\000\040\000c\000a\000m\000p\000a\000g\000n\000e\000\040\000V\000R\000P\000T\000W}{section.5}% 48
\BOOKMARK [2][-]{subsection.5.16}{\376\377\000C\000a\000m\000p\000a\000g\000n\000e\000\040\000V\000R\000P\000T\000W\000\040\000e\000n\000\040\000m\000o\000d\000e\000\040\000l\000o\000n\000g}{section.5}% 49
\BOOKMARK [2][-]{subsection.5.17}{\376\377\000A\000n\000a\000l\000y\000s\000e\000\040\000d\000e\000\040\000l\000a\000\040\000c\000a\000m\000p\000a\000g\000n\000e\000\040\000V\000R\000P\000T\000W\000\040\000l\000o\000n\000g\000u\000e}{section.5}% 50
\BOOKMARK [1][-]{section.6}{\376\377\000G\000\351\000n\000\351\000r\000a\000t\000i\000o\000n\000\040\000d\000'\000u\000n\000e\000\040\000s\000o\000l\000u\000t\000i\000o\000n\000\040\000i\000n\000i\000t\000i\000a\000l\000e}{}% 51
\BOOKMARK [2][-]{subsection.6.1}{\376\377\000C\000h\000o\000i\000x\000\040\000r\000e\000t\000e\000n\000u}{section.6}% 52
\BOOKMARK [2][-]{subsection.6.2}{\376\377\000C\000a\000s\000\040\000s\000a\000n\000s\000\040\000f\000e\000n\000\352\000t\000r\000e\000s\000\040\000d\000e\000\040\000t\000e\000m\000p\000s}{section.6}% 53
\BOOKMARK [2][-]{subsection.6.3}{\376\377\000C\000a\000s\000\040\000a\000v\000e\000c\000\040\000f\000e\000n\000\352\000t\000r\000e\000s\000\040\000d\000e\000\040\000t\000e\000m\000p\000s}{section.6}% 54
\BOOKMARK [2][-]{subsection.6.4}{\376\377\000I\000n\000t\000\351\000r\000\352\000t\000\040\000d\000e\000\040\000c\000e\000t\000t\000e\000\040\000c\000o\000n\000s\000t\000r\000u\000c\000t\000i\000o\000n}{section.6}% 55
\BOOKMARK [2][-]{subsection.6.5}{\376\377\000R\000\364\000l\000e\000\040\000d\000e\000\040\000c\000e\000t\000t\000e\000\040\000s\000o\000l\000u\000t\000i\000o\000n}{section.6}% 56
\BOOKMARK [1][-]{section.7}{\376\377\000C\000h\000o\000i\000x\000\040\000d\000e\000s\000\040\000m\000\351\000t\000h\000o\000d\000e\000s\000\040\000d\000e\000\040\000r\000\351\000s\000o\000l\000u\000t\000i\000o\000n}{}% 57
\BOOKMARK [2][-]{subsection.7.1}{\376\377\000V\000o\000i\000s\000i\000n\000a\000g\000e\000s\000\040\000e\000n\000v\000i\000s\000a\000g\000\351\000s}{section.7}% 58
\BOOKMARK [2][-]{subsection.7.2}{\376\377\000P\000r\000e\000m\000i\000\350\000r\000e\000\040\000i\000m\000p\000l\000\351\000m\000e\000n\000t\000a\000t\000i\000o\000n\000\040\000d\000e\000s\000\040\000v\000o\000i\000s\000i\000n\000a\000g\000e\000s}{section.7}% 59
\BOOKMARK [2][-]{subsection.7.3}{\376\377\000P\000r\000e\000m\000i\000\350\000r\000e\000\040\000i\000m\000p\000l\000\351\000m\000e\000n\000t\000a\000t\000i\000o\000n\000\040\000d\000u\000\040\000r\000e\000c\000u\000i\000t\000\040\000s\000i\000m\000u\000l\000\351}{section.7}% 60
\BOOKMARK [2][-]{subsection.7.4}{\376\377\000R\000\351\000s\000u\000l\000t\000a\000t\000s\000\040\000p\000r\000\351\000l\000i\000m\000i\000n\000a\000i\000r\000e\000s}{section.7}% 61
\BOOKMARK [2][-]{subsection.7.5}{\376\377\000P\000r\000e\000m\000i\000\350\000r\000e\000\040\000i\000m\000p\000l\000\351\000m\000e\000n\000t\000a\000t\000i\000o\000n\000\040\000d\000e\000\040\000l\000a\000\040\000r\000e\000c\000h\000e\000r\000c\000h\000e\000\040\000t\000a\000b\000o\000u}{section.7}% 62
\BOOKMARK [2][-]{subsection.7.6}{\376\377\000O\000b\000s\000e\000r\000v\000a\000t\000i\000o\000n\000\040\000i\000m\000p\000o\000r\000t\000a\000n\000t\000e\000\040\000s\000u\000r\000\040\000l\000e\000\040\000c\000o\000\373\000t\000\040\000d\000e\000\040\000c\000a\000l\000c\000u\000l}{section.7}% 63
\BOOKMARK [2][-]{subsection.7.7}{\376\377\000R\000\351\000s\000u\000l\000t\000a\000t\000s\000\040\000p\000r\000\351\000l\000i\000m\000i\000n\000a\000i\000r\000e\000s\000\040\000d\000e\000\040\000l\000a\000\040\000r\000e\000c\000h\000e\000r\000c\000h\000e\000\040\000t\000a\000b\000o\000u}{section.7}% 64
\BOOKMARK [2][-]{subsection.7.8}{\376\377\000M\000i\000s\000e\000\040\000e\000n\000\040\000p\000l\000a\000c\000e\000\040\000d\000u\000\040\000p\000r\000o\000t\000o\000c\000o\000l\000e\000\040\000e\000x\000p\000\351\000r\000i\000m\000e\000n\000t\000a\000l}{section.7}% 65
\BOOKMARK [2][-]{subsection.7.9}{\376\377\000P\000r\000e\000m\000i\000e\000r\000s\000\040\000r\000\351\000s\000u\000l\000t\000a\000t\000s\000\040\000c\000o\000m\000p\000a\000r\000a\000t\000i\000f\000s}{section.7}% 66
\BOOKMARK [2][-]{subsection.7.10}{\376\377\000P\000r\000e\000m\000i\000e\000r\000\040\000e\000s\000s\000a\000i\000\040\000e\000n\000\040\000m\000o\000d\000e\000\040\000l\000o\000n\000g}{section.7}% 67
\BOOKMARK [2][-]{subsection.7.11}{\376\377\000E\000x\000t\000e\000n\000s\000i\000o\000n\000\040\000d\000u\000\040\000t\000e\000s\000t\000\040\000l\000o\000n\000g\000\040\000\340\000\040\000d\000a\000t\000a\0001\0000\0002\000.\000v\000r\000p}{section.7}% 68
\BOOKMARK [2][-]{subsection.7.12}{\376\377\000R\000\351\000s\000u\000l\000t\000a\000t\000s\000\040\000s\000u\000r\000\040\000d\000a\000t\000a\0001\0001\0000\0001\000.\000v\000r\000p\000\040\000e\000t\000\040\000d\000a\000t\000a\0001\0001\0000\0002\000.\000v\000r\000p}{section.7}% 69
\BOOKMARK [2][-]{subsection.7.13}{\376\377\000R\000\351\000s\000u\000l\000t\000a\000t\000s\000\040\000s\000u\000r\000\040\000d\000a\000t\000a\0001\0001\0001\000.\000v\000r\000p\000\040\000e\000t\000\040\000d\000a\000t\000a\0001\0001\0002\000.\000v\000r\000p}{section.7}% 70
\BOOKMARK [2][-]{subsection.7.14}{\376\377\000R\000\351\000s\000u\000l\000t\000a\000t\000s\000\040\000s\000u\000r\000\040\000d\000a\000t\000a\0001\0002\0000\0001\000.\000v\000r\000p\000\040\000e\000t\000\040\000d\000a\000t\000a\0001\0002\0000\0002\000.\000v\000r\000p}{section.7}% 71
\BOOKMARK [2][-]{subsection.7.15}{\376\377\000R\000\351\000s\000u\000l\000t\000a\000t\000s\000\040\000s\000u\000r\000\040\000d\000a\000t\000a\0002\0000\0001\000.\000v\000r\000p\000\040\000e\000t\000\040\000d\000a\000t\000a\0002\0000\0002\000.\000v\000r\000p}{section.7}% 72
\BOOKMARK [2][-]{subsection.7.16}{\376\377\000S\000y\000n\000t\000h\000\350\000s\000e\000\040\000d\000e\000\040\000l\000a\000\040\000p\000r\000e\000m\000i\000\350\000r\000e\000\040\000c\000a\000m\000p\000a\000g\000n\000e\000\040\000l\000o\000n\000g\000u\000e}{section.7}% 73
\BOOKMARK [1][-]{section.8}{\376\377\000F\000o\000r\000m\000a\000t\000\040\000d\000e\000s\000\040\000d\000o\000n\000n\000\351\000e\000s}{}% 74
\BOOKMARK [1][-]{section.9}{\376\377\000B\000o\000n\000u\000s\000\040\000:\000\040\000r\000\351\000s\000o\000l\000u\000t\000i\000o\000n\000\040\000e\000x\000a\000c\000t\000e\000\040\000s\000u\000r\000\040\000s\000o\000u\000s\000-\000i\000n\000s\000t\000a\000n\000c\000e\000s}{}% 75
\BOOKMARK [1][-]{section.10}{\376\377\000T\000r\000a\000v\000a\000i\000l\000\040\000r\000e\000s\000t\000a\000n\000t}{}% 76
\BOOKMARK [1][-]{section.11}{\376\377\000C\000o\000n\000c\000l\000u\000s\000i\000o\000n}{}% 77
